<?xml version="1.0" encoding="UTF-8"?>
<!-- Generated by org.testng.reporters.JUnitReportReporter -->
<testsuite hostname="Jai-Shree-Vithal" failures="0" tests="10" name="testngDemo4.GroupDemo3" time="0.012" errors="0" timestamp="2024-11-10T11:58:39 IST" skipped="0">
  <testcase classname="testngDemo4.GroupDemo3" name="testcase9" time="0.001"/>
  <testcase classname="testngDemo4.GroupDemo3" name="testcase9" time="0.001"/>
  <testcase classname="testngDemo4.GroupDemo3" name="testcase9" time="0.001"/>
  <testcase classname="testngDemo4.GroupDemo3" name="testcase9" time="0.001"/>
  <testcase classname="testngDemo4.GroupDemo3" name="testcase9" time="0.001"/>
  <testcase classname="testngDemo4.GroupDemo3" name="testcase9" time="0.002"/>
  <testcase classname="testngDemo4.GroupDemo3" name="testcase9" time="0.001"/>
  <testcase classname="testngDemo4.GroupDemo3" name="testcase9" time="0.002"/>
  <testcase classname="testngDemo4.GroupDemo3" name="testcase9" time="0.001"/>
  <testcase classname="testngDemo4.GroupDemo3" name="testcase9" time="0.001"/>
</testsuite> <!-- testngDemo4.GroupDemo3 -->
