<?xml version="1.0" encoding="UTF-8"?>
<!-- Generated by org.testng.reporters.JUnitReportReporter -->
<testsuite hostname="Jai-Shree-Vithal" failures="0" tests="6" name="testngDemo3.DataProviderDemo" time="6.051" errors="0" timestamp="2024-11-10T11:20:17 IST" skipped="0">
  <testcase classname="testngDemo3.DataProviderDemo" name="testcase1" time="1.004"/>
  <testcase classname="testngDemo3.DataProviderDemo" name="testcase1" time="1.010"/>
  <testcase classname="testngDemo3.DataProviderDemo" name="testcase1" time="1.007"/>
  <testcase classname="testngDemo3.DataProviderDemo" name="testcase1" time="1.015"/>
  <testcase classname="testngDemo3.DataProviderDemo" name="testcase1" time="1.008"/>
  <testcase classname="testngDemo3.DataProviderDemo" name="testcase1" time="1.007"/>
</testsuite> <!-- testngDemo3.DataProviderDemo -->
