<?xml version="1.0" encoding="UTF-8"?>
<!-- Generated by org.testng.reporters.JUnitReportReporter -->
<testsuite hostname="Jai-Shree-Vithal" failures="0" tests="4" name="testngDemo4.GroupDemo2" time="0.005" errors="0" timestamp="2024-11-10T11:58:39 IST" skipped="1">
  <testcase classname="testngDemo4.GroupDemo2" name="testcase5" time="0.002"/>
  <testcase classname="testngDemo4.GroupDemo2" name="testcase8" time="0.000"/>
  <testcase classname="testngDemo4.GroupDemo2" name="testcase6" time="0.002"/>
  <testcase classname="testngDemo4.GroupDemo2" name="testcase7" time="0.001">
    <skipped/>
  </testcase> <!-- testcase7 -->
</testsuite> <!-- testngDemo4.GroupDemo2 -->
