<?xml version="1.0" encoding="UTF-8"?>
<!-- Generated by org.testng.reporters.JUnitReportReporter -->
<testsuite hostname="Jai-Shree-Vithal" failures="0" tests="6" name="testngDemo3.DataProviderDemo" time="6.051" errors="0" timestamp="2024-11-10T11:18:54 IST" skipped="0">
  <testcase classname="testngDemo3.DataProviderDemo" name="testcase1" time="1.005"/>
  <testcase classname="testngDemo3.DataProviderDemo" name="testcase1" time="1.017"/>
  <testcase classname="testngDemo3.DataProviderDemo" name="testcase1" time="1.009"/>
  <testcase classname="testngDemo3.DataProviderDemo" name="testcase1" time="1.007"/>
  <testcase classname="testngDemo3.DataProviderDemo" name="testcase1" time="1.008"/>
  <testcase classname="testngDemo3.DataProviderDemo" name="testcase1" time="1.005"/>
</testsuite> <!-- testngDemo3.DataProviderDemo -->
